[debug] [2019-12-20T23:24:22.654Z] ----------------------------------------------------------------------
[debug] [2019-12-20T23:24:22.656Z] Command:       /usr/local/bin/node /usr/local/bin/firebase build
[debug] [2019-12-20T23:24:22.657Z] CLI Version:   7.11.0
[debug] [2019-12-20T23:24:22.657Z] Platform:      darwin
[debug] [2019-12-20T23:24:22.657Z] Node Version:  v10.15.3
[debug] [2019-12-20T23:24:22.658Z] Time:          Fri Dec 20 2019 17:24:22 GMT-0600 (Central Standard Time)
[debug] [2019-12-20T23:24:22.658Z] ----------------------------------------------------------------------
[debug] [2019-12-20T23:24:22.658Z] 
[error] Error: [object Object] is not a Firebase command
[debug] [2019-12-20T23:24:22.665Z] TypeError: str.toLowerCase is not a function
    at didYouMean (/usr/local/lib/node_modules/firebase-tools/node_modules/didyoumean/didYouMean-1.2.1.js:147:48)
    at suggestCommands (/usr/local/lib/node_modules/firebase-tools/lib/index.js:28:22)
    at Command.<anonymous> (/usr/local/lib/node_modules/firebase-tools/lib/index.js:57:14)
    at Command.listener (/usr/local/lib/node_modules/firebase-tools/node_modules/commander/index.js:360:8)
    at Command.emit (events.js:189:13)
    at Command.EventEmitter.emit (domain.js:441:20)
    at Command.parseArgs (/usr/local/lib/node_modules/firebase-tools/node_modules/commander/index.js:801:12)
    at Command.parse (/usr/local/lib/node_modules/firebase-tools/node_modules/commander/index.js:563:21)
    at Object.<anonymous> (/usr/local/lib/node_modules/firebase-tools/lib/bin/firebase.js:98:22)
    at Module._compile (internal/modules/cjs/loader.js:701:30)
    at Object.Module._extensions..js (internal/modules/cjs/loader.js:712:10)
    at Module.load (internal/modules/cjs/loader.js:600:32)
    at tryModuleLoad (internal/modules/cjs/loader.js:539:12)
    at Function.Module._load (internal/modules/cjs/loader.js:531:3)
    at Function.Module.runMain (internal/modules/cjs/loader.js:754:12)
    at startup (internal/bootstrap/node.js:283:19)
[error] 
[error] Error: An unexpected error has occurred.
